<?xml version="1.0" encoding="UTF-8"?>
<!-- Generated by org.testng.reporters.JUnitXMLReporter -->
<testsuite hostname="IN-FDYMMH2-10" ignored="0" name="Surefire test" tests="4" failures="0" timestamp="15 Apr 2019 12:42:59 GMT" time="0.042" errors="0">
  <testcase name="deleteTestCaseTwitter" time="0.009" classname="qaclickacademy.APITest"/>
  <testcase name="postJira" time="0.0" classname="qaclickacademy.APITest"/>
  <testcase name="IOSapp" time="0.0" classname="qaclickacademy.AppiumTest"/>
  <testcase name="nativeAppAndroid" time="0.001" classname="qaclickacademy.AppiumTest"/>
</testsuite> <!-- Surefire test -->
