<?xml version="1.0" encoding="UTF-8"?>
<!-- Generated by org.testng.reporters.JUnitXMLReporter -->
<testsuite hostname="IN-FDYMMH2-10" ignored="0" name="Test" tests="6" failures="0" timestamp="15 Apr 2019 12:55:55 GMT" time="0.04" errors="0">
  <testcase name="deleteTestCaseTwitter" time="0.01" classname="qaclickacademy.APITest"/>
  <testcase name="postJira" time="0.001" classname="qaclickacademy.APITest"/>
  <testcase name="browserAutomation" time="0.002" classname="qaclickacademy.Selenium"/>
  <testcase name="elementUI" time="0.0" classname="qaclickacademy.Selenium"/>
  <testcase name="IOSapp" time="0.0" classname="qaclickacademy.AppiumTest"/>
  <testcase name="nativeAppAndroid" time="0.0" classname="qaclickacademy.AppiumTest"/>
</testsuite> <!-- Test -->
