<?xml version="1.0" encoding="UTF-8"?>
<testng-results skipped="0" failed="0" ignored="0" total="6" passed="6">
  <reporter-output>
  </reporter-output>
  <suite name="Suite" duration-ms="40" started-at="2019-04-15T12:55:55Z" finished-at="2019-04-15T12:55:55Z">
    <groups>
    </groups>
    <test name="Test" duration-ms="40" started-at="2019-04-15T12:55:55Z" finished-at="2019-04-15T12:55:55Z">
      <class name="qaclickacademy.AppiumTest">
        <test-method status="PASS" signature="IOSapp()[pri:0, instance:qaclickacademy.AppiumTest@27c6e487]" name="IOSapp" duration-ms="0" started-at="2019-04-15T12:55:55Z" finished-at="2019-04-15T12:55:55Z">
          <reporter-output>
          </reporter-output>
        </test-method> <!-- IOSapp -->
        <test-method status="PASS" signature="nativeAppAndroid()[pri:0, instance:qaclickacademy.AppiumTest@27c6e487]" name="nativeAppAndroid" duration-ms="0" started-at="2019-04-15T12:55:55Z" finished-at="2019-04-15T12:55:55Z">
          <reporter-output>
          </reporter-output>
        </test-method> <!-- nativeAppAndroid -->
      </class> <!-- qaclickacademy.AppiumTest -->
      <class name="qaclickacademy.APITest">
        <test-method status="PASS" signature="deleteTestCaseTwitter()[pri:0, instance:qaclickacademy.APITest@6e38921c]" name="deleteTestCaseTwitter" duration-ms="10" started-at="2019-04-15T12:55:55Z" finished-at="2019-04-15T12:55:55Z">
          <reporter-output>
          </reporter-output>
        </test-method> <!-- deleteTestCaseTwitter -->
        <test-method status="PASS" signature="postJira()[pri:0, instance:qaclickacademy.APITest@6e38921c]" name="postJira" duration-ms="1" started-at="2019-04-15T12:55:55Z" finished-at="2019-04-15T12:55:55Z">
          <reporter-output>
          </reporter-output>
        </test-method> <!-- postJira -->
      </class> <!-- qaclickacademy.APITest -->
      <class name="qaclickacademy.Selenium">
        <test-method status="PASS" signature="browserAutomation()[pri:0, instance:qaclickacademy.Selenium@64d7f7e0]" name="browserAutomation" duration-ms="2" started-at="2019-04-15T12:55:55Z" finished-at="2019-04-15T12:55:55Z">
          <reporter-output>
          </reporter-output>
        </test-method> <!-- browserAutomation -->
        <test-method status="PASS" signature="elementUI()[pri:0, instance:qaclickacademy.Selenium@64d7f7e0]" name="elementUI" duration-ms="0" started-at="2019-04-15T12:55:55Z" finished-at="2019-04-15T12:55:55Z">
          <reporter-output>
          </reporter-output>
        </test-method> <!-- elementUI -->
      </class> <!-- qaclickacademy.Selenium -->
    </test> <!-- Test -->
  </suite> <!-- Suite -->
</testng-results>
